<?xml version="1.0" encoding="UTF-8"?>
<!-- Generated by org.testng.reporters.JUnitReportReporter -->
<testsuite hostname="DESKTOP-1CI6BGM" failures="0" tests="1" name="Multiple_Report.ExtentReportPro" time="0.661" errors="0" timestamp="2023-02-19T16:31:36 IST" skipped="0">
  <testcase classname="Multiple_Report.ExtentReportPro" name="TC1" time="0.661"/>
  <system-out/>
</testsuite> <!-- Multiple_Report.ExtentReportPro -->
